<?xml version="1.0" encoding="UTF-8"?>
<!-- Generated by org.testng.reporters.JUnitXMLReporter -->
<testsuite ignored="0" hostname="PraNit" failures="0" tests="16" name="ApiTest" time="27.295" errors="0" timestamp="2024-12-24T04:13:18 IST">
  <testcase classname="api.Tests.UserTests" name="testCreateUser" time="3.646"/>
  <testcase classname="api.Tests.UserTests" name="testGetUserByName" time="1.468"/>
  <testcase classname="api.Tests.UserTests" name="testUpdateUserByName" time="2.697"/>
  <testcase classname="api.Tests.UserTests" name="testDeleteUserByName" time="1.484"/>
  <testcase classname="api.Tests.UserTests" name="testUserLogin" time="1.41"/>
  <testcase classname="api.Tests.UserTests" name="testUserLogout" time="1.399"/>
  <testcase classname="api.Tests.StoreTest" name="testStoreInventory" time="1.434"/>
  <testcase classname="api.Tests.StoreTest" name="testPlaceOrder" time="1.425"/>
  <testcase classname="api.Tests.StoreTest" name="testGetOrderDetails" time="1.399"/>
  <testcase classname="api.Tests.StoreTest" name="testdeleteOrder" time="1.438"/>
  <testcase classname="api.Tests.PetTest" name="addNewPetInStore" time="1.371"/>
  <testcase classname="api.Tests.PetTest" name="updateExistingPetDetails" time="1.427"/>
  <testcase classname="api.Tests.PetTest" name="findPetById" time="1.324"/>
  <testcase classname="api.Tests.PetTest" name="findPetByStatus" time="1.764"/>
  <testcase classname="api.Tests.PetTest" name="updatePetDetailsWithFormData" time="1.493"/>
  <testcase classname="api.Tests.PetTest" name="deletePetFromStore" time="1.488"/>
</testsuite> <!-- ApiTest -->
