<?xml version="1.0" encoding="UTF-8"?>
<!-- Generated by org.testng.reporters.JUnitXMLReporter -->
<testsuite ignored="0" hostname="PraNit" failures="0" tests="40" name="DataDrivenTest" time="58.376" errors="0" timestamp="2024-12-24T04:14:17 IST">
  <testcase classname="api.Tests.UserDDTest" name="testCreateMultipleUsers" time="1.369"/>
  <testcase classname="api.Tests.UserDDTest" name="testCreateMultipleUsers" time="1.357"/>
  <testcase classname="api.Tests.UserDDTest" name="testCreateMultipleUsers" time="1.344"/>
  <testcase classname="api.Tests.UserDDTest" name="testCreateMultipleUsers" time="1.39"/>
  <testcase classname="api.Tests.UserDDTest" name="testCreateMultipleUsers" time="1.359"/>
  <testcase classname="api.Tests.UserDDTest" name="testCreateMultipleUsers" time="1.395"/>
  <testcase classname="api.Tests.UserDDTest" name="testCreateMultipleUsers" time="1.297"/>
  <testcase classname="api.Tests.UserDDTest" name="testCreateMultipleUsers" time="1.297"/>
  <testcase classname="api.Tests.UserDDTest" name="testCreateMultipleUsers" time="1.38"/>
  <testcase classname="api.Tests.UserDDTest" name="testCreateMultipleUsers" time="1.215"/>
  <testcase classname="api.Tests.UserDDTest" name="testDeleteUserByUserName" time="1.202"/>
  <testcase classname="api.Tests.UserDDTest" name="testDeleteUserByUserName" time="1.348"/>
  <testcase classname="api.Tests.UserDDTest" name="testDeleteUserByUserName" time="1.338"/>
  <testcase classname="api.Tests.UserDDTest" name="testDeleteUserByUserName" time="1.236"/>
  <testcase classname="api.Tests.UserDDTest" name="testDeleteUserByUserName" time="1.283"/>
  <testcase classname="api.Tests.UserDDTest" name="testDeleteUserByUserName" time="1.336"/>
  <testcase classname="api.Tests.UserDDTest" name="testDeleteUserByUserName" time="1.217"/>
  <testcase classname="api.Tests.UserDDTest" name="testDeleteUserByUserName" time="1.248"/>
  <testcase classname="api.Tests.UserDDTest" name="testDeleteUserByUserName" time="1.381"/>
  <testcase classname="api.Tests.UserDDTest" name="testDeleteUserByUserName" time="1.245"/>
  <testcase classname="api.Tests.PetDDTest" name="addNewPetsInStore" time="1.246"/>
  <testcase classname="api.Tests.PetDDTest" name="addNewPetsInStore" time="1.381"/>
  <testcase classname="api.Tests.PetDDTest" name="addNewPetsInStore" time="1.336"/>
  <testcase classname="api.Tests.PetDDTest" name="addNewPetsInStore" time="1.532"/>
  <testcase classname="api.Tests.PetDDTest" name="addNewPetsInStore" time="1.311"/>
  <testcase classname="api.Tests.PetDDTest" name="addNewPetsInStore" time="1.346"/>
  <testcase classname="api.Tests.PetDDTest" name="addNewPetsInStore" time="1.48"/>
  <testcase classname="api.Tests.PetDDTest" name="addNewPetsInStore" time="1.371"/>
  <testcase classname="api.Tests.PetDDTest" name="addNewPetsInStore" time="1.285"/>
  <testcase classname="api.Tests.PetDDTest" name="addNewPetsInStore" time="1.382"/>
  <testcase classname="api.Tests.PetDDTest" name="deletePetsFromStore" time="1.207"/>
  <testcase classname="api.Tests.PetDDTest" name="deletePetsFromStore" time="1.43"/>
  <testcase classname="api.Tests.PetDDTest" name="deletePetsFromStore" time="1.393"/>
  <testcase classname="api.Tests.PetDDTest" name="deletePetsFromStore" time="1.361"/>
  <testcase classname="api.Tests.PetDDTest" name="deletePetsFromStore" time="1.423"/>
  <testcase classname="api.Tests.PetDDTest" name="deletePetsFromStore" time="1.192"/>
  <testcase classname="api.Tests.PetDDTest" name="deletePetsFromStore" time="1.265"/>
  <testcase classname="api.Tests.PetDDTest" name="deletePetsFromStore" time="1.22"/>
  <testcase classname="api.Tests.PetDDTest" name="deletePetsFromStore" time="1.252"/>
  <testcase classname="api.Tests.PetDDTest" name="deletePetsFromStore" time="1.227"/>
</testsuite> <!-- DataDrivenTest -->
