<?xml version="1.0" encoding="UTF-8"?>
<!-- Generated by org.testng.reporters.JUnitXMLReporter -->
<testsuite ignored="0" hostname="PraNit" failures="0" tests="20" name="Default test" time="30.799" errors="0" timestamp="2024-12-24T03:50:01 IST">
  <testcase classname="api.Tests.PetDDTest" name="addNewPetsInStore" time="3.062"/>
  <testcase classname="api.Tests.PetDDTest" name="addNewPetsInStore" time="1.391"/>
  <testcase classname="api.Tests.PetDDTest" name="addNewPetsInStore" time="1.265"/>
  <testcase classname="api.Tests.PetDDTest" name="addNewPetsInStore" time="1.231"/>
  <testcase classname="api.Tests.PetDDTest" name="addNewPetsInStore" time="1.235"/>
  <testcase classname="api.Tests.PetDDTest" name="addNewPetsInStore" time="1.232"/>
  <testcase classname="api.Tests.PetDDTest" name="addNewPetsInStore" time="1.381"/>
  <testcase classname="api.Tests.PetDDTest" name="addNewPetsInStore" time="1.395"/>
  <testcase classname="api.Tests.PetDDTest" name="addNewPetsInStore" time="1.394"/>
  <testcase classname="api.Tests.PetDDTest" name="addNewPetsInStore" time="1.254"/>
  <testcase classname="api.Tests.PetDDTest" name="deletePetsFromStore" time="1.244"/>
  <testcase classname="api.Tests.PetDDTest" name="deletePetsFromStore" time="1.284"/>
  <testcase classname="api.Tests.PetDDTest" name="deletePetsFromStore" time="1.315"/>
  <testcase classname="api.Tests.PetDDTest" name="deletePetsFromStore" time="1.412"/>
  <testcase classname="api.Tests.PetDDTest" name="deletePetsFromStore" time="1.399"/>
  <testcase classname="api.Tests.PetDDTest" name="deletePetsFromStore" time="1.256"/>
  <testcase classname="api.Tests.PetDDTest" name="deletePetsFromStore" time="1.419"/>
  <testcase classname="api.Tests.PetDDTest" name="deletePetsFromStore" time="1.396"/>
  <testcase classname="api.Tests.PetDDTest" name="deletePetsFromStore" time="1.384"/>
  <testcase classname="api.Tests.PetDDTest" name="deletePetsFromStore" time="1.316"/>
</testsuite> <!-- Default test -->
