<?xml version="1.0" encoding="UTF-8"?>
<testng-results ignored="0" total="56" passed="56" failed="0" skipped="0">
  <reporter-output>
  </reporter-output>
  <suite started-at="2024-12-24T04:12:51 IST" name="PetStoreSuite" finished-at="2024-12-24T04:14:17 IST" duration-ms="86115">
    <groups>
    </groups>
    <test started-at="2024-12-24T04:12:51 IST" name="ApiTest" finished-at="2024-12-24T04:13:18 IST" duration-ms="27295">
      <class name="api.Tests.PetTest">
        <test-method is-config="true" signature="setup()[pri:0, instance:api.Tests.PetTest@79924b]" started-at="2024-12-24T04:13:09 IST" name="setup" finished-at="2024-12-24T04:13:09 IST" duration-ms="110" status="PASS">
          <reporter-output>
          </reporter-output>
        </test-method> <!-- setup -->
        <test-method signature="addNewPetInStore()[pri:1, instance:api.Tests.PetTest@79924b]" started-at="2024-12-24T04:13:09 IST" name="addNewPetInStore" finished-at="2024-12-24T04:13:10 IST" duration-ms="1371" status="PASS">
          <reporter-output>
          </reporter-output>
        </test-method> <!-- addNewPetInStore -->
        <test-method signature="updateExistingPetDetails()[pri:2, instance:api.Tests.PetTest@79924b]" started-at="2024-12-24T04:13:10 IST" name="updateExistingPetDetails" finished-at="2024-12-24T04:13:12 IST" duration-ms="1427" status="PASS">
          <reporter-output>
          </reporter-output>
        </test-method> <!-- updateExistingPetDetails -->
        <test-method signature="findPetById()[pri:3, instance:api.Tests.PetTest@79924b]" started-at="2024-12-24T04:13:12 IST" name="findPetById" finished-at="2024-12-24T04:13:13 IST" duration-ms="1324" status="PASS">
          <reporter-output>
          </reporter-output>
        </test-method> <!-- findPetById -->
        <test-method signature="findPetByStatus()[pri:4, instance:api.Tests.PetTest@79924b]" started-at="2024-12-24T04:13:13 IST" name="findPetByStatus" finished-at="2024-12-24T04:13:15 IST" duration-ms="1764" status="PASS">
          <reporter-output>
          </reporter-output>
        </test-method> <!-- findPetByStatus -->
        <test-method signature="updatePetDetailsWithFormData()[pri:5, instance:api.Tests.PetTest@79924b]" started-at="2024-12-24T04:13:15 IST" name="updatePetDetailsWithFormData" finished-at="2024-12-24T04:13:16 IST" duration-ms="1493" status="PASS">
          <reporter-output>
          </reporter-output>
        </test-method> <!-- updatePetDetailsWithFormData -->
        <test-method signature="deletePetFromStore()[pri:6, instance:api.Tests.PetTest@79924b]" started-at="2024-12-24T04:13:16 IST" name="deletePetFromStore" finished-at="2024-12-24T04:13:18 IST" duration-ms="1488" status="PASS">
          <reporter-output>
          </reporter-output>
        </test-method> <!-- deletePetFromStore -->
      </class> <!-- api.Tests.PetTest -->
      <class name="api.Tests.StoreTest">
        <test-method is-config="true" signature="setup()[pri:0, instance:api.Tests.StoreTest@4fb0f2b9]" started-at="2024-12-24T04:13:03 IST" name="setup" finished-at="2024-12-24T04:13:03 IST" duration-ms="10" status="PASS">
          <reporter-output>
          </reporter-output>
        </test-method> <!-- setup -->
        <test-method signature="testStoreInventory()[pri:1, instance:api.Tests.StoreTest@4fb0f2b9]" started-at="2024-12-24T04:13:03 IST" name="testStoreInventory" finished-at="2024-12-24T04:13:05 IST" duration-ms="1434" status="PASS">
          <reporter-output>
          </reporter-output>
        </test-method> <!-- testStoreInventory -->
        <test-method signature="testPlaceOrder()[pri:2, instance:api.Tests.StoreTest@4fb0f2b9]" started-at="2024-12-24T04:13:05 IST" name="testPlaceOrder" finished-at="2024-12-24T04:13:06 IST" duration-ms="1425" status="PASS">
          <reporter-output>
          </reporter-output>
        </test-method> <!-- testPlaceOrder -->
        <test-method signature="testGetOrderDetails()[pri:3, instance:api.Tests.StoreTest@4fb0f2b9]" started-at="2024-12-24T04:13:06 IST" name="testGetOrderDetails" finished-at="2024-12-24T04:13:07 IST" duration-ms="1399" status="PASS">
          <reporter-output>
          </reporter-output>
        </test-method> <!-- testGetOrderDetails -->
        <test-method signature="testdeleteOrder()[pri:4, instance:api.Tests.StoreTest@4fb0f2b9]" started-at="2024-12-24T04:13:07 IST" name="testdeleteOrder" finished-at="2024-12-24T04:13:09 IST" duration-ms="1438" status="PASS">
          <reporter-output>
          </reporter-output>
        </test-method> <!-- testdeleteOrder -->
      </class> <!-- api.Tests.StoreTest -->
      <class name="api.Tests.UserTests">
        <test-method is-config="true" signature="setup()[pri:0, instance:api.Tests.UserTests@4f6ee6e4]" started-at="2024-12-24T04:12:51 IST" name="setup" finished-at="2024-12-24T04:12:51 IST" duration-ms="226" status="PASS">
          <reporter-output>
          </reporter-output>
        </test-method> <!-- setup -->
        <test-method signature="testCreateUser()[pri:1, instance:api.Tests.UserTests@4f6ee6e4]" started-at="2024-12-24T04:12:51 IST" name="testCreateUser" finished-at="2024-12-24T04:12:55 IST" duration-ms="3646" status="PASS">
          <reporter-output>
          </reporter-output>
        </test-method> <!-- testCreateUser -->
        <test-method signature="testGetUserByName()[pri:2, instance:api.Tests.UserTests@4f6ee6e4]" started-at="2024-12-24T04:12:55 IST" name="testGetUserByName" finished-at="2024-12-24T04:12:56 IST" duration-ms="1468" status="PASS">
          <reporter-output>
          </reporter-output>
        </test-method> <!-- testGetUserByName -->
        <test-method signature="testUpdateUserByName()[pri:3, instance:api.Tests.UserTests@4f6ee6e4]" started-at="2024-12-24T04:12:56 IST" name="testUpdateUserByName" finished-at="2024-12-24T04:12:59 IST" duration-ms="2697" status="PASS">
          <reporter-output>
          </reporter-output>
        </test-method> <!-- testUpdateUserByName -->
        <test-method signature="testDeleteUserByName()[pri:4, instance:api.Tests.UserTests@4f6ee6e4]" started-at="2024-12-24T04:12:59 IST" name="testDeleteUserByName" finished-at="2024-12-24T04:13:00 IST" duration-ms="1484" status="PASS">
          <reporter-output>
          </reporter-output>
        </test-method> <!-- testDeleteUserByName -->
        <test-method signature="testUserLogin()[pri:5, instance:api.Tests.UserTests@4f6ee6e4]" started-at="2024-12-24T04:13:00 IST" name="testUserLogin" finished-at="2024-12-24T04:13:02 IST" duration-ms="1410" status="PASS">
          <reporter-output>
          </reporter-output>
        </test-method> <!-- testUserLogin -->
        <test-method signature="testUserLogout()[pri:6, instance:api.Tests.UserTests@4f6ee6e4]" started-at="2024-12-24T04:13:02 IST" name="testUserLogout" finished-at="2024-12-24T04:13:03 IST" duration-ms="1399" status="PASS">
          <reporter-output>
          </reporter-output>
        </test-method> <!-- testUserLogout -->
      </class> <!-- api.Tests.UserTests -->
    </test> <!-- ApiTest -->
    <test started-at="2024-12-24T04:13:18 IST" name="DataDrivenTest" finished-at="2024-12-24T04:14:17 IST" duration-ms="58376">
      <class name="api.Tests.UserDDTest">
        <test-method signature="testCreateMultipleUsers(java.lang.String,java.lang.String,java.lang.String,java.lang.String,java.lang.String,java.lang.String,java.lang.String)[pri:1, instance:api.Tests.UserDDTest@35e2d654]" started-at="2024-12-24T04:13:22 IST" name="testCreateMultipleUsers" data-provider="allData" finished-at="2024-12-24T04:13:23 IST" duration-ms="1369" status="PASS">
          <params>
            <param index="0">
              <value>
                <![CDATA[1011]]>
              </value>
            </param>
            <param index="1">
              <value>
                <![CDATA[jon.smith]]>
              </value>
            </param>
            <param index="2">
              <value>
                <![CDATA[Jon]]>
              </value>
            </param>
            <param index="3">
              <value>
                <![CDATA[Smith]]>
              </value>
            </param>
            <param index="4">
              <value>
                <![CDATA[jon.smith@gmail.com]]>
              </value>
            </param>
            <param index="5">
              <value>
                <![CDATA[Smith#21]]>
              </value>
            </param>
            <param index="6">
              <value>
                <![CDATA[8523721665]]>
              </value>
            </param>
          </params>
          <reporter-output>
          </reporter-output>
        </test-method> <!-- testCreateMultipleUsers -->
        <test-method signature="testCreateMultipleUsers(java.lang.String,java.lang.String,java.lang.String,java.lang.String,java.lang.String,java.lang.String,java.lang.String)[pri:1, instance:api.Tests.UserDDTest@35e2d654]" started-at="2024-12-24T04:13:23 IST" name="testCreateMultipleUsers" data-provider="allData" finished-at="2024-12-24T04:13:25 IST" duration-ms="1357" status="PASS">
          <params>
            <param index="0">
              <value>
                <![CDATA[1012]]>
              </value>
            </param>
            <param index="1">
              <value>
                <![CDATA[kim.patty]]>
              </value>
            </param>
            <param index="2">
              <value>
                <![CDATA[Kim]]>
              </value>
            </param>
            <param index="3">
              <value>
                <![CDATA[Patty]]>
              </value>
            </param>
            <param index="4">
              <value>
                <![CDATA[kim.patty@gmail.com]]>
              </value>
            </param>
            <param index="5">
              <value>
                <![CDATA[Kim$13]]>
              </value>
            </param>
            <param index="6">
              <value>
                <![CDATA[7684746354]]>
              </value>
            </param>
          </params>
          <reporter-output>
          </reporter-output>
        </test-method> <!-- testCreateMultipleUsers -->
        <test-method signature="testCreateMultipleUsers(java.lang.String,java.lang.String,java.lang.String,java.lang.String,java.lang.String,java.lang.String,java.lang.String)[pri:1, instance:api.Tests.UserDDTest@35e2d654]" started-at="2024-12-24T04:13:25 IST" name="testCreateMultipleUsers" data-provider="allData" finished-at="2024-12-24T04:13:26 IST" duration-ms="1344" status="PASS">
          <params>
            <param index="0">
              <value>
                <![CDATA[1013]]>
              </value>
            </param>
            <param index="1">
              <value>
                <![CDATA[richard.steve]]>
              </value>
            </param>
            <param index="2">
              <value>
                <![CDATA[Richard]]>
              </value>
            </param>
            <param index="3">
              <value>
                <![CDATA[Steve]]>
              </value>
            </param>
            <param index="4">
              <value>
                <![CDATA[richard.steve@gmail.com]]>
              </value>
            </param>
            <param index="5">
              <value>
                <![CDATA[Steve$45]]>
              </value>
            </param>
            <param index="6">
              <value>
                <![CDATA[8565768475]]>
              </value>
            </param>
          </params>
          <reporter-output>
          </reporter-output>
        </test-method> <!-- testCreateMultipleUsers -->
        <test-method signature="testCreateMultipleUsers(java.lang.String,java.lang.String,java.lang.String,java.lang.String,java.lang.String,java.lang.String,java.lang.String)[pri:1, instance:api.Tests.UserDDTest@35e2d654]" started-at="2024-12-24T04:13:26 IST" name="testCreateMultipleUsers" data-provider="allData" finished-at="2024-12-24T04:13:27 IST" duration-ms="1390" status="PASS">
          <params>
            <param index="0">
              <value>
                <![CDATA[1014]]>
              </value>
            </param>
            <param index="1">
              <value>
                <![CDATA[roy.joe]]>
              </value>
            </param>
            <param index="2">
              <value>
                <![CDATA[Roy]]>
              </value>
            </param>
            <param index="3">
              <value>
                <![CDATA[Joe]]>
              </value>
            </param>
            <param index="4">
              <value>
                <![CDATA[roy.joe@gmail.com]]>
              </value>
            </param>
            <param index="5">
              <value>
                <![CDATA[Roy#76]]>
              </value>
            </param>
            <param index="6">
              <value>
                <![CDATA[4656457674]]>
              </value>
            </param>
          </params>
          <reporter-output>
          </reporter-output>
        </test-method> <!-- testCreateMultipleUsers -->
        <test-method signature="testCreateMultipleUsers(java.lang.String,java.lang.String,java.lang.String,java.lang.String,java.lang.String,java.lang.String,java.lang.String)[pri:1, instance:api.Tests.UserDDTest@35e2d654]" started-at="2024-12-24T04:13:27 IST" name="testCreateMultipleUsers" data-provider="allData" finished-at="2024-12-24T04:13:29 IST" duration-ms="1359" status="PASS">
          <params>
            <param index="0">
              <value>
                <![CDATA[1015]]>
              </value>
            </param>
            <param index="1">
              <value>
                <![CDATA[mitchel.reinger]]>
              </value>
            </param>
            <param index="2">
              <value>
                <![CDATA[Mitchel]]>
              </value>
            </param>
            <param index="3">
              <value>
                <![CDATA[Reinger]]>
              </value>
            </param>
            <param index="4">
              <value>
                <![CDATA[mitchel.reinger@gmail.com]]>
              </value>
            </param>
            <param index="5">
              <value>
                <![CDATA[Reinger#55]]>
              </value>
            </param>
            <param index="6">
              <value>
                <![CDATA[8646575345]]>
              </value>
            </param>
          </params>
          <reporter-output>
          </reporter-output>
        </test-method> <!-- testCreateMultipleUsers -->
        <test-method signature="testCreateMultipleUsers(java.lang.String,java.lang.String,java.lang.String,java.lang.String,java.lang.String,java.lang.String,java.lang.String)[pri:1, instance:api.Tests.UserDDTest@35e2d654]" started-at="2024-12-24T04:13:29 IST" name="testCreateMultipleUsers" data-provider="allData" finished-at="2024-12-24T04:13:30 IST" duration-ms="1395" status="PASS">
          <params>
            <param index="0">
              <value>
                <![CDATA[1016]]>
              </value>
            </param>
            <param index="1">
              <value>
                <![CDATA[matt.cartwright]]>
              </value>
            </param>
            <param index="2">
              <value>
                <![CDATA[Matt]]>
              </value>
            </param>
            <param index="3">
              <value>
                <![CDATA[Cartwright]]>
              </value>
            </param>
            <param index="4">
              <value>
                <![CDATA[matt.cartwright@gmail.com]]>
              </value>
            </param>
            <param index="5">
              <value>
                <![CDATA[Matt#76]]>
              </value>
            </param>
            <param index="6">
              <value>
                <![CDATA[8754214268]]>
              </value>
            </param>
          </params>
          <reporter-output>
          </reporter-output>
        </test-method> <!-- testCreateMultipleUsers -->
        <test-method signature="testCreateMultipleUsers(java.lang.String,java.lang.String,java.lang.String,java.lang.String,java.lang.String,java.lang.String,java.lang.String)[pri:1, instance:api.Tests.UserDDTest@35e2d654]" started-at="2024-12-24T04:13:30 IST" name="testCreateMultipleUsers" data-provider="allData" finished-at="2024-12-24T04:13:31 IST" duration-ms="1297" status="PASS">
          <params>
            <param index="0">
              <value>
                <![CDATA[1017]]>
              </value>
            </param>
            <param index="1">
              <value>
                <![CDATA[marquis.larson]]>
              </value>
            </param>
            <param index="2">
              <value>
                <![CDATA[Marquis]]>
              </value>
            </param>
            <param index="3">
              <value>
                <![CDATA[Larson]]>
              </value>
            </param>
            <param index="4">
              <value>
                <![CDATA[marquis.larson@gmail.com]]>
              </value>
            </param>
            <param index="5">
              <value>
                <![CDATA[Larson#45]]>
              </value>
            </param>
            <param index="6">
              <value>
                <![CDATA[7075643675]]>
              </value>
            </param>
          </params>
          <reporter-output>
          </reporter-output>
        </test-method> <!-- testCreateMultipleUsers -->
        <test-method signature="testCreateMultipleUsers(java.lang.String,java.lang.String,java.lang.String,java.lang.String,java.lang.String,java.lang.String,java.lang.String)[pri:1, instance:api.Tests.UserDDTest@35e2d654]" started-at="2024-12-24T04:13:31 IST" name="testCreateMultipleUsers" data-provider="allData" finished-at="2024-12-24T04:13:33 IST" duration-ms="1297" status="PASS">
          <params>
            <param index="0">
              <value>
                <![CDATA[1018]]>
              </value>
            </param>
            <param index="1">
              <value>
                <![CDATA[carmella.halvorson]]>
              </value>
            </param>
            <param index="2">
              <value>
                <![CDATA[Carmella]]>
              </value>
            </param>
            <param index="3">
              <value>
                <![CDATA[Halvorson]]>
              </value>
            </param>
            <param index="4">
              <value>
                <![CDATA[carmella.halvorson@gmail.com]]>
              </value>
            </param>
            <param index="5">
              <value>
                <![CDATA[Carmella#79]]>
              </value>
            </param>
            <param index="6">
              <value>
                <![CDATA[4576483765]]>
              </value>
            </param>
          </params>
          <reporter-output>
          </reporter-output>
        </test-method> <!-- testCreateMultipleUsers -->
        <test-method signature="testCreateMultipleUsers(java.lang.String,java.lang.String,java.lang.String,java.lang.String,java.lang.String,java.lang.String,java.lang.String)[pri:1, instance:api.Tests.UserDDTest@35e2d654]" started-at="2024-12-24T04:13:33 IST" name="testCreateMultipleUsers" data-provider="allData" finished-at="2024-12-24T04:13:34 IST" duration-ms="1380" status="PASS">
          <params>
            <param index="0">
              <value>
                <![CDATA[1019]]>
              </value>
            </param>
            <param index="1">
              <value>
                <![CDATA[joel.grant]]>
              </value>
            </param>
            <param index="2">
              <value>
                <![CDATA[Joel]]>
              </value>
            </param>
            <param index="3">
              <value>
                <![CDATA[Grant]]>
              </value>
            </param>
            <param index="4">
              <value>
                <![CDATA[joel.grant@gmail.com]]>
              </value>
            </param>
            <param index="5">
              <value>
                <![CDATA[#99]]>
              </value>
            </param>
            <param index="6">
              <value>
                <![CDATA[9738527526]]>
              </value>
            </param>
          </params>
          <reporter-output>
          </reporter-output>
        </test-method> <!-- testCreateMultipleUsers -->
        <test-method signature="testCreateMultipleUsers(java.lang.String,java.lang.String,java.lang.String,java.lang.String,java.lang.String,java.lang.String,java.lang.String)[pri:1, instance:api.Tests.UserDDTest@35e2d654]" started-at="2024-12-24T04:13:34 IST" name="testCreateMultipleUsers" data-provider="allData" finished-at="2024-12-24T04:13:35 IST" duration-ms="1215" status="PASS">
          <params>
            <param index="0">
              <value>
                <![CDATA[1020]]>
              </value>
            </param>
            <param index="1">
              <value>
                <![CDATA[matthew.grady]]>
              </value>
            </param>
            <param index="2">
              <value>
                <![CDATA[Matthew]]>
              </value>
            </param>
            <param index="3">
              <value>
                <![CDATA[Grady]]>
              </value>
            </param>
            <param index="4">
              <value>
                <![CDATA[matthew.grady@gmail.com]]>
              </value>
            </param>
            <param index="5">
              <value>
                <![CDATA[Matthew#54]]>
              </value>
            </param>
            <param index="6">
              <value>
                <![CDATA[7594263686]]>
              </value>
            </param>
          </params>
          <reporter-output>
          </reporter-output>
        </test-method> <!-- testCreateMultipleUsers -->
        <test-method signature="testDeleteUserByUserName(java.lang.String)[pri:2, instance:api.Tests.UserDDTest@35e2d654]" started-at="2024-12-24T04:13:36 IST" name="testDeleteUserByUserName" data-provider="singleColumn" finished-at="2024-12-24T04:13:37 IST" duration-ms="1202" status="PASS">
          <params>
            <param index="0">
              <value>
                <![CDATA[jon.smith]]>
              </value>
            </param>
          </params>
          <reporter-output>
          </reporter-output>
        </test-method> <!-- testDeleteUserByUserName -->
        <test-method signature="testDeleteUserByUserName(java.lang.String)[pri:2, instance:api.Tests.UserDDTest@35e2d654]" started-at="2024-12-24T04:13:37 IST" name="testDeleteUserByUserName" data-provider="singleColumn" finished-at="2024-12-24T04:13:38 IST" duration-ms="1348" status="PASS">
          <params>
            <param index="0">
              <value>
                <![CDATA[kim.patty]]>
              </value>
            </param>
          </params>
          <reporter-output>
          </reporter-output>
        </test-method> <!-- testDeleteUserByUserName -->
        <test-method signature="testDeleteUserByUserName(java.lang.String)[pri:2, instance:api.Tests.UserDDTest@35e2d654]" started-at="2024-12-24T04:13:38 IST" name="testDeleteUserByUserName" data-provider="singleColumn" finished-at="2024-12-24T04:13:39 IST" duration-ms="1338" status="PASS">
          <params>
            <param index="0">
              <value>
                <![CDATA[richard.steve]]>
              </value>
            </param>
          </params>
          <reporter-output>
          </reporter-output>
        </test-method> <!-- testDeleteUserByUserName -->
        <test-method signature="testDeleteUserByUserName(java.lang.String)[pri:2, instance:api.Tests.UserDDTest@35e2d654]" started-at="2024-12-24T04:13:39 IST" name="testDeleteUserByUserName" data-provider="singleColumn" finished-at="2024-12-24T04:13:41 IST" duration-ms="1236" status="PASS">
          <params>
            <param index="0">
              <value>
                <![CDATA[roy.joe]]>
              </value>
            </param>
          </params>
          <reporter-output>
          </reporter-output>
        </test-method> <!-- testDeleteUserByUserName -->
        <test-method signature="testDeleteUserByUserName(java.lang.String)[pri:2, instance:api.Tests.UserDDTest@35e2d654]" started-at="2024-12-24T04:13:41 IST" name="testDeleteUserByUserName" data-provider="singleColumn" finished-at="2024-12-24T04:13:42 IST" duration-ms="1283" status="PASS">
          <params>
            <param index="0">
              <value>
                <![CDATA[mitchel.reinger]]>
              </value>
            </param>
          </params>
          <reporter-output>
          </reporter-output>
        </test-method> <!-- testDeleteUserByUserName -->
        <test-method signature="testDeleteUserByUserName(java.lang.String)[pri:2, instance:api.Tests.UserDDTest@35e2d654]" started-at="2024-12-24T04:13:42 IST" name="testDeleteUserByUserName" data-provider="singleColumn" finished-at="2024-12-24T04:13:43 IST" duration-ms="1336" status="PASS">
          <params>
            <param index="0">
              <value>
                <![CDATA[matt.cartwright]]>
              </value>
            </param>
          </params>
          <reporter-output>
          </reporter-output>
        </test-method> <!-- testDeleteUserByUserName -->
        <test-method signature="testDeleteUserByUserName(java.lang.String)[pri:2, instance:api.Tests.UserDDTest@35e2d654]" started-at="2024-12-24T04:13:43 IST" name="testDeleteUserByUserName" data-provider="singleColumn" finished-at="2024-12-24T04:13:44 IST" duration-ms="1217" status="PASS">
          <params>
            <param index="0">
              <value>
                <![CDATA[marquis.larson]]>
              </value>
            </param>
          </params>
          <reporter-output>
          </reporter-output>
        </test-method> <!-- testDeleteUserByUserName -->
        <test-method signature="testDeleteUserByUserName(java.lang.String)[pri:2, instance:api.Tests.UserDDTest@35e2d654]" started-at="2024-12-24T04:13:45 IST" name="testDeleteUserByUserName" data-provider="singleColumn" finished-at="2024-12-24T04:13:46 IST" duration-ms="1248" status="PASS">
          <params>
            <param index="0">
              <value>
                <![CDATA[carmella.halvorson]]>
              </value>
            </param>
          </params>
          <reporter-output>
          </reporter-output>
        </test-method> <!-- testDeleteUserByUserName -->
        <test-method signature="testDeleteUserByUserName(java.lang.String)[pri:2, instance:api.Tests.UserDDTest@35e2d654]" started-at="2024-12-24T04:13:46 IST" name="testDeleteUserByUserName" data-provider="singleColumn" finished-at="2024-12-24T04:13:47 IST" duration-ms="1381" status="PASS">
          <params>
            <param index="0">
              <value>
                <![CDATA[joel.grant]]>
              </value>
            </param>
          </params>
          <reporter-output>
          </reporter-output>
        </test-method> <!-- testDeleteUserByUserName -->
        <test-method signature="testDeleteUserByUserName(java.lang.String)[pri:2, instance:api.Tests.UserDDTest@35e2d654]" started-at="2024-12-24T04:13:47 IST" name="testDeleteUserByUserName" data-provider="singleColumn" finished-at="2024-12-24T04:13:48 IST" duration-ms="1245" status="PASS">
          <params>
            <param index="0">
              <value>
                <![CDATA[matthew.grady]]>
              </value>
            </param>
          </params>
          <reporter-output>
          </reporter-output>
        </test-method> <!-- testDeleteUserByUserName -->
      </class> <!-- api.Tests.UserDDTest -->
      <class name="api.Tests.PetDDTest">
        <test-method signature="addNewPetsInStore(java.lang.String,java.lang.String,java.lang.String,java.lang.String,java.lang.String,java.lang.String,java.lang.String,java.lang.String)[pri:1, instance:api.Tests.PetDDTest@1bd4fdd]" started-at="2024-12-24T04:13:50 IST" name="addNewPetsInStore" data-provider="allData" finished-at="2024-12-24T04:13:51 IST" duration-ms="1246" status="PASS">
          <params>
            <param index="0">
              <value>
                <![CDATA[1]]>
              </value>
            </param>
            <param index="1">
              <value>
                <![CDATA[1]]>
              </value>
            </param>
            <param index="2">
              <value>
                <![CDATA[Dog]]>
              </value>
            </param>
            <param index="3">
              <value>
                <![CDATA[Dog]]>
              </value>
            </param>
            <param index="4">
              <value>
                <![CDATA[C:\src\test\resources\petAnimalImages\Dog.jfif]]>
              </value>
            </param>
            <param index="5">
              <value>
                <![CDATA[11]]>
              </value>
            </param>
            <param index="6">
              <value>
                <![CDATA[jon.smith]]>
              </value>
            </param>
            <param index="7">
              <value>
                <![CDATA[available]]>
              </value>
            </param>
          </params>
          <reporter-output>
          </reporter-output>
        </test-method> <!-- addNewPetsInStore -->
        <test-method signature="addNewPetsInStore(java.lang.String,java.lang.String,java.lang.String,java.lang.String,java.lang.String,java.lang.String,java.lang.String,java.lang.String)[pri:1, instance:api.Tests.PetDDTest@1bd4fdd]" started-at="2024-12-24T04:13:51 IST" name="addNewPetsInStore" data-provider="allData" finished-at="2024-12-24T04:13:52 IST" duration-ms="1381" status="PASS">
          <params>
            <param index="0">
              <value>
                <![CDATA[2]]>
              </value>
            </param>
            <param index="1">
              <value>
                <![CDATA[2]]>
              </value>
            </param>
            <param index="2">
              <value>
                <![CDATA[Cat]]>
              </value>
            </param>
            <param index="3">
              <value>
                <![CDATA[Cat]]>
              </value>
            </param>
            <param index="4">
              <value>
                <![CDATA[C:\src\test\resources\petAnimalImages\Cat.jfif]]>
              </value>
            </param>
            <param index="5">
              <value>
                <![CDATA[12]]>
              </value>
            </param>
            <param index="6">
              <value>
                <![CDATA[kim.patty]]>
              </value>
            </param>
            <param index="7">
              <value>
                <![CDATA[available]]>
              </value>
            </param>
          </params>
          <reporter-output>
          </reporter-output>
        </test-method> <!-- addNewPetsInStore -->
        <test-method signature="addNewPetsInStore(java.lang.String,java.lang.String,java.lang.String,java.lang.String,java.lang.String,java.lang.String,java.lang.String,java.lang.String)[pri:1, instance:api.Tests.PetDDTest@1bd4fdd]" started-at="2024-12-24T04:13:52 IST" name="addNewPetsInStore" data-provider="allData" finished-at="2024-12-24T04:13:54 IST" duration-ms="1336" status="PASS">
          <params>
            <param index="0">
              <value>
                <![CDATA[3]]>
              </value>
            </param>
            <param index="1">
              <value>
                <![CDATA[3]]>
              </value>
            </param>
            <param index="2">
              <value>
                <![CDATA[Rabit]]>
              </value>
            </param>
            <param index="3">
              <value>
                <![CDATA[Rabit]]>
              </value>
            </param>
            <param index="4">
              <value>
                <![CDATA[C:\src\test\resources\petAnimalImages\Rabit.jfif]]>
              </value>
            </param>
            <param index="5">
              <value>
                <![CDATA[13]]>
              </value>
            </param>
            <param index="6">
              <value>
                <![CDATA[richard.steve]]>
              </value>
            </param>
            <param index="7">
              <value>
                <![CDATA[available]]>
              </value>
            </param>
          </params>
          <reporter-output>
          </reporter-output>
        </test-method> <!-- addNewPetsInStore -->
        <test-method signature="addNewPetsInStore(java.lang.String,java.lang.String,java.lang.String,java.lang.String,java.lang.String,java.lang.String,java.lang.String,java.lang.String)[pri:1, instance:api.Tests.PetDDTest@1bd4fdd]" started-at="2024-12-24T04:13:54 IST" name="addNewPetsInStore" data-provider="allData" finished-at="2024-12-24T04:13:55 IST" duration-ms="1532" status="PASS">
          <params>
            <param index="0">
              <value>
                <![CDATA[4]]>
              </value>
            </param>
            <param index="1">
              <value>
                <![CDATA[4]]>
              </value>
            </param>
            <param index="2">
              <value>
                <![CDATA[Bull]]>
              </value>
            </param>
            <param index="3">
              <value>
                <![CDATA[Bull]]>
              </value>
            </param>
            <param index="4">
              <value>
                <![CDATA[C:\src\test\resources\petAnimalImages\Bull.jfif]]>
              </value>
            </param>
            <param index="5">
              <value>
                <![CDATA[14]]>
              </value>
            </param>
            <param index="6">
              <value>
                <![CDATA[roy.joe]]>
              </value>
            </param>
            <param index="7">
              <value>
                <![CDATA[available]]>
              </value>
            </param>
          </params>
          <reporter-output>
          </reporter-output>
        </test-method> <!-- addNewPetsInStore -->
        <test-method signature="addNewPetsInStore(java.lang.String,java.lang.String,java.lang.String,java.lang.String,java.lang.String,java.lang.String,java.lang.String,java.lang.String)[pri:1, instance:api.Tests.PetDDTest@1bd4fdd]" started-at="2024-12-24T04:13:55 IST" name="addNewPetsInStore" data-provider="allData" finished-at="2024-12-24T04:13:57 IST" duration-ms="1311" status="PASS">
          <params>
            <param index="0">
              <value>
                <![CDATA[5]]>
              </value>
            </param>
            <param index="1">
              <value>
                <![CDATA[5]]>
              </value>
            </param>
            <param index="2">
              <value>
                <![CDATA[Goat]]>
              </value>
            </param>
            <param index="3">
              <value>
                <![CDATA[Goat]]>
              </value>
            </param>
            <param index="4">
              <value>
                <![CDATA[C:\src\test\resources\petAnimalImages\Goat.jfif]]>
              </value>
            </param>
            <param index="5">
              <value>
                <![CDATA[15]]>
              </value>
            </param>
            <param index="6">
              <value>
                <![CDATA[mitchel.reinger]]>
              </value>
            </param>
            <param index="7">
              <value>
                <![CDATA[available]]>
              </value>
            </param>
          </params>
          <reporter-output>
          </reporter-output>
        </test-method> <!-- addNewPetsInStore -->
        <test-method signature="addNewPetsInStore(java.lang.String,java.lang.String,java.lang.String,java.lang.String,java.lang.String,java.lang.String,java.lang.String,java.lang.String)[pri:1, instance:api.Tests.PetDDTest@1bd4fdd]" started-at="2024-12-24T04:13:57 IST" name="addNewPetsInStore" data-provider="allData" finished-at="2024-12-24T04:13:58 IST" duration-ms="1346" status="PASS">
          <params>
            <param index="0">
              <value>
                <![CDATA[6]]>
              </value>
            </param>
            <param index="1">
              <value>
                <![CDATA[6]]>
              </value>
            </param>
            <param index="2">
              <value>
                <![CDATA[Cow]]>
              </value>
            </param>
            <param index="3">
              <value>
                <![CDATA[Cow]]>
              </value>
            </param>
            <param index="4">
              <value>
                <![CDATA[C:\src\test\resources\petAnimalImages\Cow.jfif]]>
              </value>
            </param>
            <param index="5">
              <value>
                <![CDATA[16]]>
              </value>
            </param>
            <param index="6">
              <value>
                <![CDATA[matt.cartwright]]>
              </value>
            </param>
            <param index="7">
              <value>
                <![CDATA[pending]]>
              </value>
            </param>
          </params>
          <reporter-output>
          </reporter-output>
        </test-method> <!-- addNewPetsInStore -->
        <test-method signature="addNewPetsInStore(java.lang.String,java.lang.String,java.lang.String,java.lang.String,java.lang.String,java.lang.String,java.lang.String,java.lang.String)[pri:1, instance:api.Tests.PetDDTest@1bd4fdd]" started-at="2024-12-24T04:13:58 IST" name="addNewPetsInStore" data-provider="allData" finished-at="2024-12-24T04:14:00 IST" duration-ms="1480" status="PASS">
          <params>
            <param index="0">
              <value>
                <![CDATA[7]]>
              </value>
            </param>
            <param index="1">
              <value>
                <![CDATA[7]]>
              </value>
            </param>
            <param index="2">
              <value>
                <![CDATA[Chiken]]>
              </value>
            </param>
            <param index="3">
              <value>
                <![CDATA[Chiken]]>
              </value>
            </param>
            <param index="4">
              <value>
                <![CDATA[C:\src\test\resources\petAnimalImages\Chiken.jfif]]>
              </value>
            </param>
            <param index="5">
              <value>
                <![CDATA[17]]>
              </value>
            </param>
            <param index="6">
              <value>
                <![CDATA[marquis.larson]]>
              </value>
            </param>
            <param index="7">
              <value>
                <![CDATA[pending]]>
              </value>
            </param>
          </params>
          <reporter-output>
          </reporter-output>
        </test-method> <!-- addNewPetsInStore -->
        <test-method signature="addNewPetsInStore(java.lang.String,java.lang.String,java.lang.String,java.lang.String,java.lang.String,java.lang.String,java.lang.String,java.lang.String)[pri:1, instance:api.Tests.PetDDTest@1bd4fdd]" started-at="2024-12-24T04:14:00 IST" name="addNewPetsInStore" data-provider="allData" finished-at="2024-12-24T04:14:01 IST" duration-ms="1371" status="PASS">
          <params>
            <param index="0">
              <value>
                <![CDATA[8]]>
              </value>
            </param>
            <param index="1">
              <value>
                <![CDATA[8]]>
              </value>
            </param>
            <param index="2">
              <value>
                <![CDATA[Panda]]>
              </value>
            </param>
            <param index="3">
              <value>
                <![CDATA[Panda]]>
              </value>
            </param>
            <param index="4">
              <value>
                <![CDATA[C:\src\test\resources\petAnimalImages\Panda.jfif]]>
              </value>
            </param>
            <param index="5">
              <value>
                <![CDATA[18]]>
              </value>
            </param>
            <param index="6">
              <value>
                <![CDATA[carmella.halvorson]]>
              </value>
            </param>
            <param index="7">
              <value>
                <![CDATA[sold]]>
              </value>
            </param>
          </params>
          <reporter-output>
          </reporter-output>
        </test-method> <!-- addNewPetsInStore -->
        <test-method signature="addNewPetsInStore(java.lang.String,java.lang.String,java.lang.String,java.lang.String,java.lang.String,java.lang.String,java.lang.String,java.lang.String)[pri:1, instance:api.Tests.PetDDTest@1bd4fdd]" started-at="2024-12-24T04:14:01 IST" name="addNewPetsInStore" data-provider="allData" finished-at="2024-12-24T04:14:02 IST" duration-ms="1285" status="PASS">
          <params>
            <param index="0">
              <value>
                <![CDATA[9]]>
              </value>
            </param>
            <param index="1">
              <value>
                <![CDATA[9]]>
              </value>
            </param>
            <param index="2">
              <value>
                <![CDATA[Horse]]>
              </value>
            </param>
            <param index="3">
              <value>
                <![CDATA[Horse]]>
              </value>
            </param>
            <param index="4">
              <value>
                <![CDATA[C:\src\test\resources\petAnimalImages\Horse.jfif]]>
              </value>
            </param>
            <param index="5">
              <value>
                <![CDATA[19]]>
              </value>
            </param>
            <param index="6">
              <value>
                <![CDATA[joel.grant]]>
              </value>
            </param>
            <param index="7">
              <value>
                <![CDATA[available]]>
              </value>
            </param>
          </params>
          <reporter-output>
          </reporter-output>
        </test-method> <!-- addNewPetsInStore -->
        <test-method signature="addNewPetsInStore(java.lang.String,java.lang.String,java.lang.String,java.lang.String,java.lang.String,java.lang.String,java.lang.String,java.lang.String)[pri:1, instance:api.Tests.PetDDTest@1bd4fdd]" started-at="2024-12-24T04:14:02 IST" name="addNewPetsInStore" data-provider="allData" finished-at="2024-12-24T04:14:04 IST" duration-ms="1382" status="PASS">
          <params>
            <param index="0">
              <value>
                <![CDATA[10]]>
              </value>
            </param>
            <param index="1">
              <value>
                <![CDATA[10]]>
              </value>
            </param>
            <param index="2">
              <value>
                <![CDATA[Parrot]]>
              </value>
            </param>
            <param index="3">
              <value>
                <![CDATA[Parrot]]>
              </value>
            </param>
            <param index="4">
              <value>
                <![CDATA[C:\src\test\resources\petAnimalImages\Parrot.jfif]]>
              </value>
            </param>
            <param index="5">
              <value>
                <![CDATA[20]]>
              </value>
            </param>
            <param index="6">
              <value>
                <![CDATA[matthew.grady]]>
              </value>
            </param>
            <param index="7">
              <value>
                <![CDATA[available]]>
              </value>
            </param>
          </params>
          <reporter-output>
          </reporter-output>
        </test-method> <!-- addNewPetsInStore -->
        <test-method signature="deletePetsFromStore(java.lang.String)[pri:2, instance:api.Tests.PetDDTest@1bd4fdd]" started-at="2024-12-24T04:14:04 IST" name="deletePetsFromStore" data-provider="singleColumn" finished-at="2024-12-24T04:14:05 IST" duration-ms="1207" status="PASS">
          <params>
            <param index="0">
              <value>
                <![CDATA[1]]>
              </value>
            </param>
          </params>
          <reporter-output>
          </reporter-output>
        </test-method> <!-- deletePetsFromStore -->
        <test-method signature="deletePetsFromStore(java.lang.String)[pri:2, instance:api.Tests.PetDDTest@1bd4fdd]" started-at="2024-12-24T04:14:05 IST" name="deletePetsFromStore" data-provider="singleColumn" finished-at="2024-12-24T04:14:06 IST" duration-ms="1430" status="PASS">
          <params>
            <param index="0">
              <value>
                <![CDATA[2]]>
              </value>
            </param>
          </params>
          <reporter-output>
          </reporter-output>
        </test-method> <!-- deletePetsFromStore -->
        <test-method signature="deletePetsFromStore(java.lang.String)[pri:2, instance:api.Tests.PetDDTest@1bd4fdd]" started-at="2024-12-24T04:14:06 IST" name="deletePetsFromStore" data-provider="singleColumn" finished-at="2024-12-24T04:14:08 IST" duration-ms="1393" status="PASS">
          <params>
            <param index="0">
              <value>
                <![CDATA[3]]>
              </value>
            </param>
          </params>
          <reporter-output>
          </reporter-output>
        </test-method> <!-- deletePetsFromStore -->
        <test-method signature="deletePetsFromStore(java.lang.String)[pri:2, instance:api.Tests.PetDDTest@1bd4fdd]" started-at="2024-12-24T04:14:08 IST" name="deletePetsFromStore" data-provider="singleColumn" finished-at="2024-12-24T04:14:09 IST" duration-ms="1361" status="PASS">
          <params>
            <param index="0">
              <value>
                <![CDATA[4]]>
              </value>
            </param>
          </params>
          <reporter-output>
          </reporter-output>
        </test-method> <!-- deletePetsFromStore -->
        <test-method signature="deletePetsFromStore(java.lang.String)[pri:2, instance:api.Tests.PetDDTest@1bd4fdd]" started-at="2024-12-24T04:14:09 IST" name="deletePetsFromStore" data-provider="singleColumn" finished-at="2024-12-24T04:14:11 IST" duration-ms="1423" status="PASS">
          <params>
            <param index="0">
              <value>
                <![CDATA[5]]>
              </value>
            </param>
          </params>
          <reporter-output>
          </reporter-output>
        </test-method> <!-- deletePetsFromStore -->
        <test-method signature="deletePetsFromStore(java.lang.String)[pri:2, instance:api.Tests.PetDDTest@1bd4fdd]" started-at="2024-12-24T04:14:11 IST" name="deletePetsFromStore" data-provider="singleColumn" finished-at="2024-12-24T04:14:12 IST" duration-ms="1192" status="PASS">
          <params>
            <param index="0">
              <value>
                <![CDATA[6]]>
              </value>
            </param>
          </params>
          <reporter-output>
          </reporter-output>
        </test-method> <!-- deletePetsFromStore -->
        <test-method signature="deletePetsFromStore(java.lang.String)[pri:2, instance:api.Tests.PetDDTest@1bd4fdd]" started-at="2024-12-24T04:14:12 IST" name="deletePetsFromStore" data-provider="singleColumn" finished-at="2024-12-24T04:14:13 IST" duration-ms="1265" status="PASS">
          <params>
            <param index="0">
              <value>
                <![CDATA[7]]>
              </value>
            </param>
          </params>
          <reporter-output>
          </reporter-output>
        </test-method> <!-- deletePetsFromStore -->
        <test-method signature="deletePetsFromStore(java.lang.String)[pri:2, instance:api.Tests.PetDDTest@1bd4fdd]" started-at="2024-12-24T04:14:13 IST" name="deletePetsFromStore" data-provider="singleColumn" finished-at="2024-12-24T04:14:14 IST" duration-ms="1220" status="PASS">
          <params>
            <param index="0">
              <value>
                <![CDATA[8]]>
              </value>
            </param>
          </params>
          <reporter-output>
          </reporter-output>
        </test-method> <!-- deletePetsFromStore -->
        <test-method signature="deletePetsFromStore(java.lang.String)[pri:2, instance:api.Tests.PetDDTest@1bd4fdd]" started-at="2024-12-24T04:14:14 IST" name="deletePetsFromStore" data-provider="singleColumn" finished-at="2024-12-24T04:14:16 IST" duration-ms="1252" status="PASS">
          <params>
            <param index="0">
              <value>
                <![CDATA[9]]>
              </value>
            </param>
          </params>
          <reporter-output>
          </reporter-output>
        </test-method> <!-- deletePetsFromStore -->
        <test-method signature="deletePetsFromStore(java.lang.String)[pri:2, instance:api.Tests.PetDDTest@1bd4fdd]" started-at="2024-12-24T04:14:16 IST" name="deletePetsFromStore" data-provider="singleColumn" finished-at="2024-12-24T04:14:17 IST" duration-ms="1227" status="PASS">
          <params>
            <param index="0">
              <value>
                <![CDATA[10]]>
              </value>
            </param>
          </params>
          <reporter-output>
          </reporter-output>
        </test-method> <!-- deletePetsFromStore -->
      </class> <!-- api.Tests.PetDDTest -->
    </test> <!-- DataDrivenTest -->
  </suite> <!-- PetStoreSuite -->
</testng-results>
