<?xml version="1.0" encoding="UTF-8"?>
<!-- Generated by org.testng.reporters.JUnitXMLReporter -->
<testsuite ignored="0" hostname="PraNit" failures="0" tests="16" name="ApiTest" time="26.441" errors="0" timestamp="2024-12-24T03:58:23 IST">
  <testcase classname="api.Tests.UserTests" name="testCreateUser" time="3.717"/>
  <testcase classname="api.Tests.UserTests" name="testGetUserByName" time="1.49"/>
  <testcase classname="api.Tests.UserTests" name="testUpdateUserByName" time="2.642"/>
  <testcase classname="api.Tests.UserTests" name="testDeleteUserByName" time="1.24"/>
  <testcase classname="api.Tests.UserTests" name="testUserLogin" time="1.241"/>
  <testcase classname="api.Tests.UserTests" name="testUserLogout" time="1.378"/>
  <testcase classname="api.Tests.StoreTest" name="testStoreInventory" time="1.355"/>
  <testcase classname="api.Tests.StoreTest" name="testPlaceOrder" time="1.358"/>
  <testcase classname="api.Tests.StoreTest" name="testGetOrderDetails" time="1.326"/>
  <testcase classname="api.Tests.StoreTest" name="testdeleteOrder" time="1.241"/>
  <testcase classname="api.Tests.PetTest" name="addNewPetInStore" time="1.487"/>
  <testcase classname="api.Tests.PetTest" name="updateExistingPetDetails" time="1.412"/>
  <testcase classname="api.Tests.PetTest" name="findPetById" time="1.361"/>
  <testcase classname="api.Tests.PetTest" name="findPetByStatus" time="1.976"/>
  <testcase classname="api.Tests.PetTest" name="updatePetDetailsWithFormData" time="1.337"/>
  <testcase classname="api.Tests.PetTest" name="deletePetFromStore" time="1.268"/>
</testsuite> <!-- ApiTest -->
