<?xml version="1.0" encoding="UTF-8"?>
<!-- Generated by org.testng.reporters.JUnitXMLReporter -->
<testsuite ignored="0" hostname="PraNit" failures="0" tests="40" name="DataDrivenTest" time="55.846" errors="0" timestamp="2024-12-24T03:59:19 IST">
  <testcase classname="api.Tests.UserDDTest" name="testCreateMultipleUsers" time="1.298"/>
  <testcase classname="api.Tests.UserDDTest" name="testCreateMultipleUsers" time="1.323"/>
  <testcase classname="api.Tests.UserDDTest" name="testCreateMultipleUsers" time="1.381"/>
  <testcase classname="api.Tests.UserDDTest" name="testCreateMultipleUsers" time="1.268"/>
  <testcase classname="api.Tests.UserDDTest" name="testCreateMultipleUsers" time="1.425"/>
  <testcase classname="api.Tests.UserDDTest" name="testCreateMultipleUsers" time="1.353"/>
  <testcase classname="api.Tests.UserDDTest" name="testCreateMultipleUsers" time="1.389"/>
  <testcase classname="api.Tests.UserDDTest" name="testCreateMultipleUsers" time="1.216"/>
  <testcase classname="api.Tests.UserDDTest" name="testCreateMultipleUsers" time="1.336"/>
  <testcase classname="api.Tests.UserDDTest" name="testCreateMultipleUsers" time="1.316"/>
  <testcase classname="api.Tests.UserDDTest" name="testDeleteUserByUserName" time="1.367"/>
  <testcase classname="api.Tests.UserDDTest" name="testDeleteUserByUserName" time="1.369"/>
  <testcase classname="api.Tests.UserDDTest" name="testDeleteUserByUserName" time="1.363"/>
  <testcase classname="api.Tests.UserDDTest" name="testDeleteUserByUserName" time="1.211"/>
  <testcase classname="api.Tests.UserDDTest" name="testDeleteUserByUserName" time="1.187"/>
  <testcase classname="api.Tests.UserDDTest" name="testDeleteUserByUserName" time="1.341"/>
  <testcase classname="api.Tests.UserDDTest" name="testDeleteUserByUserName" time="1.226"/>
  <testcase classname="api.Tests.UserDDTest" name="testDeleteUserByUserName" time="1.331"/>
  <testcase classname="api.Tests.UserDDTest" name="testDeleteUserByUserName" time="1.23"/>
  <testcase classname="api.Tests.UserDDTest" name="testDeleteUserByUserName" time="1.319"/>
  <testcase classname="api.Tests.PetDDTest" name="addNewPetsInStore" time="1.233"/>
  <testcase classname="api.Tests.PetDDTest" name="addNewPetsInStore" time="1.281"/>
  <testcase classname="api.Tests.PetDDTest" name="addNewPetsInStore" time="1.372"/>
  <testcase classname="api.Tests.PetDDTest" name="addNewPetsInStore" time="1.221"/>
  <testcase classname="api.Tests.PetDDTest" name="addNewPetsInStore" time="1.231"/>
  <testcase classname="api.Tests.PetDDTest" name="addNewPetsInStore" time="1.379"/>
  <testcase classname="api.Tests.PetDDTest" name="addNewPetsInStore" time="1.531"/>
  <testcase classname="api.Tests.PetDDTest" name="addNewPetsInStore" time="1.392"/>
  <testcase classname="api.Tests.PetDDTest" name="addNewPetsInStore" time="1.297"/>
  <testcase classname="api.Tests.PetDDTest" name="addNewPetsInStore" time="1.277"/>
  <testcase classname="api.Tests.PetDDTest" name="deletePetsFromStore" time="1.364"/>
  <testcase classname="api.Tests.PetDDTest" name="deletePetsFromStore" time="1.362"/>
  <testcase classname="api.Tests.PetDDTest" name="deletePetsFromStore" time="1.357"/>
  <testcase classname="api.Tests.PetDDTest" name="deletePetsFromStore" time="1.412"/>
  <testcase classname="api.Tests.PetDDTest" name="deletePetsFromStore" time="1.204"/>
  <testcase classname="api.Tests.PetDDTest" name="deletePetsFromStore" time="1.42"/>
  <testcase classname="api.Tests.PetDDTest" name="deletePetsFromStore" time="1.216"/>
  <testcase classname="api.Tests.PetDDTest" name="deletePetsFromStore" time="1.418"/>
  <testcase classname="api.Tests.PetDDTest" name="deletePetsFromStore" time="1.271"/>
  <testcase classname="api.Tests.PetDDTest" name="deletePetsFromStore" time="1.224"/>
</testsuite> <!-- DataDrivenTest -->
